<?xml version="1.0" encoding="UTF-8"?>
<testsuite xmlns:xsi="http://www.w3.org/2001/XMLSchema-instance" xsi:noNamespaceSchemaLocation="https://maven.apache.org/surefire/maven-surefire-plugin/xsd/surefire-test-report-3.0.xsd" version="3.0" name="com.fancode.tests.FanCodeTodoTest" time="3.418" tests="1" errors="0" skipped="0" failures="0">
  <properties>
[...]
</properties>
  <testcase name="verifyUserCompletedTasksGreaterThanFiftyPercent" classname="com.fancode.tests.FanCodeTodoTest" time="2.559">
    <system-out><![CDATA[Report initialized.
Fetched 10 users from API.
Filtered 3 users belonging to FanCode city.
Total tasks for User 1: 20
Completed tasks for User 1: 11
Completion Percentage for User 1: 55.0
User 1 has 55.00 task completion
PASS: User 1 has 55.00 task completion
Total tasks for User 5: 20
Completed tasks for User 5: 12
Completion Percentage for User 5: 60.0
User 5 has 60.00 task completion
PASS: User 5 has 60.00 task completion
Total tasks for User 10: 20
Completed tasks for User 10: 12
Completion Percentage for User 10: 60.0
User 10 has 60.00 task completion
PASS: User 10 has 60.00 task completion
Test completed. Passed: 3, Failed: 0
]]></system-out>
    <system-err><![CDATA[SLF4J: Failed to load class "org.slf4j.impl.StaticLoggerBinder".
SLF4J: Defaulting to no-operation (NOP) logger implementation
SLF4J: See http://www.slf4j.org/codes.html#StaticLoggerBinder for further details.
]]></system-err>
  </testcase>
</testsuite>