<?xml version="1.0" encoding="UTF-8"?>
<testng-results ignored="0" total="1" passed="1" failed="0" skipped="0">
  <reporter-output>
  </reporter-output>
  <suite started-at="2024-10-11T01:40:20 IST" name="Surefire suite" finished-at="2024-10-11T01:40:23 IST" duration-ms="3007">
    <groups>
    </groups>
    <test started-at="2024-10-11T01:40:20 IST" name="Surefire test" finished-at="2024-10-11T01:40:23 IST" duration-ms="3007">
      <class name="com.fancode.tests.FanCodeTodoTest">
        <test-method is-config="true" signature="setUp()[pri:0, instance:com.fancode.tests.FanCodeTodoTest@fdefd3f]" started-at="2024-10-11T01:40:20 IST" name="setUp" finished-at="2024-10-11T01:40:20 IST" duration-ms="209" status="PASS">
          <reporter-output>
          </reporter-output>
        </test-method> <!-- setUp -->
        <test-method signature="verifyUserCompletedTasksGreaterThanFiftyPercent()[pri:0, instance:com.fancode.tests.FanCodeTodoTest@fdefd3f]" started-at="2024-10-11T01:40:20 IST" name="verifyUserCompletedTasksGreaterThanFiftyPercent" finished-at="2024-10-11T01:40:23 IST" duration-ms="2550" status="PASS">
          <reporter-output>
          </reporter-output>
        </test-method> <!-- verifyUserCompletedTasksGreaterThanFiftyPercent -->
        <test-method is-config="true" signature="tearDown()[pri:0, instance:com.fancode.tests.FanCodeTodoTest@fdefd3f]" started-at="2024-10-11T01:40:23 IST" name="tearDown" finished-at="2024-10-11T01:40:23 IST" duration-ms="214" status="PASS">
          <reporter-output>
          </reporter-output>
        </test-method> <!-- tearDown -->
      </class> <!-- com.fancode.tests.FanCodeTodoTest -->
    </test> <!-- Surefire test -->
  </suite> <!-- Surefire suite -->
</testng-results>
